Infos zu Spieler: ZAPHOD Runde: 4 
Punkte: 180 | Welten: 5 | Flotten: 5 | Schiffe auf Flotten: 10 | D-Schiffe: 9
Verbündete: ()

W1(7,8,6) [ZAPHOD] (D-Schiffe=2 (Ambusch: {F7[MARVIN]}))
   F7[---] = 0
   (F5[MARVIN]-->W7 )

W2(9,7,5) [ZAPHOD] (D-Schiffe=1)
   F4[MARVIN] = 1
   (F10[ZAPHOD]-->W7 F9[ZAPHOD]-->W5 )

W3(4,10,6) [MARVIN] (D-Schiffe=1)
   F3[ZAPHOD] = 5
   (F2[MARVIN]-->W10 F8[MARVIN]-->W6 )

W4(10,6,3) [MARVIN] (D-Schiffe=2)
   (F3[ZAPHOD]-->W3 )

W5(2) [ZAPHOD]
   F6[ZAPHOD] = 0
   F9[ZAPHOD] = 2

W6(7,1,4,3) [ZAPHOD] (D-Schiffe=2)
   F8[MARVIN] = 4

W7(6,1,2) [ZAPHOD] (D-Schiffe=4)
   F5[MARVIN] = 3
   F10[ZAPHOD] = 1

W8(9,1,10) [MARVIN] (D-Schiffe=2)
   (F1[ZAPHOD]-->W9 F7[MARVIN]-->W1 )

W9(2,8) [MARVIN] (D-Schiffe=1)
   F1[ZAPHOD] = 2
   (F7[MARVIN]-->W8 F4[MARVIN]-->W2 )

